<?xml version="1.0" encoding="UTF-8"?>
<!-- Generated by org.testng.reporters.JUnitReportReporter -->
<testsuite hostname="IB-Pune-LAP-356" failures="0" tests="5" name="Test.Person.LeadConversionTest" time="617.096" errors="0" timestamp="2023-07-10T11:57:35 IST" skipped="0">
  <testcase classname="Test.Person.LeadConversionTest" name="T002" time="176.806"/>
  <system-out/>
  <testcase classname="Test.Person.LeadConversionTest" name="T003" time="102.370"/>
  <system-out/>
  <testcase classname="Test.Person.LeadConversionTest" name="T005" time="49.473"/>
  <system-out/>
  <testcase classname="Test.Person.LeadConversionTest" name="T001" time="147.492"/>
  <system-out/>
  <testcase classname="Test.Person.LeadConversionTest" name="T004" time="140.955"/>
  <system-out/>
</testsuite> <!-- Test.Person.LeadConversionTest -->
